<?xml version="1.0" encoding="UTF-8"?>
<!-- Generated by org.testng.reporters.JUnitReportReporter -->
<testsuite name="com.organisation.mqttclient.activemq.test.DemoTest" tests="1" time="29.437" ignored="0" failures="0" timestamp="26 Nov 2017 12:22:24 GMT" skipped="0" hostname="Shubhams-MacBook-Pro.local" errors="0">
  <testcase name="test" time="29.437" classname="com.organisation.mqttclient.activemq.test.DemoTest"/>
</testsuite> <!-- com.organisation.mqttclient.activemq.test.DemoTest -->
